Using pre-set license
Built from '2020.3/staging' branch; Version is '2020.3.42f1 (7ade1201f527) revision 8052242'; Using compiler version '192528614'; Build Type 'Release'
OS: 'Windows 10  (10.0.19045) 64bit Professional' Language: 'ru' Physical Memory: 8060 MB
BatchMode: 1, IsHumanControllingUs: 0, StartBugReporterOnCrash: 0, Is64bit: 1, IsPro: 0

COMMAND LINE ARGUMENTS:
C:\Program Files\Unity\Hub\Editor\2020.3.42f1\Editor\Unity.exe
-adb2
-batchMode
-noUpm
-name
AssetImportWorker0
-projectPath
D:/StandAR/StandAR/3307STAND
-logFile
Logs/AssetImportWorker0.log
-srvPort
60501
Successfully changed project path to: D:/StandAR/StandAR/3307STAND
D:/StandAR/StandAR/3307STAND
Using Asset Import Pipeline V2.
Refreshing native plugins compatible for Editor in 7554.09 ms, found 12 plugins.
Preloading 0 native plugins for Editor in 0.00 ms.
Initialize engine version: 2020.3.42f1 (7ade1201f527)
[Subsystems] Discovering subsystems at path C:/Program Files/Unity/Hub/Editor/2020.3.42f1/Editor/Data/Resources/UnitySubsystems
[Subsystems] Discovering subsystems at path D:/StandAR/StandAR/3307STAND/Assets
GfxDevice: creating device client; threaded=0
Direct3D:
    Version:  Direct3D 11.0 [level 11.1]
    Renderer: NVIDIA GeForce GTX 1650 (ID=0x1f99)
    Vendor:   
    VRAM:     3949 MB
    Driver:   31.0.15.2849
Initialize mono
Mono path[0] = 'C:/Program Files/Unity/Hub/Editor/2020.3.42f1/Editor/Data/Managed'
Mono path[1] = 'C:/Program Files/Unity/Hub/Editor/2020.3.42f1/Editor/Data/MonoBleedingEdge/lib/mono/unityjit'
Mono config path = 'C:/Program Files/Unity/Hub/Editor/2020.3.42f1/Editor/Data/MonoBleedingEdge/etc'
Using monoOptions --debugger-agent=transport=dt_socket,embedding=1,server=y,suspend=n,address=127.0.0.1:56156
Begin MonoManager ReloadAssembly
Registering precompiled unity dll's ...
Register platform support module: C:/Program Files/Unity/Hub/Editor/2020.3.42f1/Editor/Data/PlaybackEngines/WindowsStandaloneSupport/UnityEditor.WindowsStandalone.Extensions.dll
Registered in 0.002876 seconds.
Native extension for WindowsStandalone target not found
Refreshing native plugins compatible for Editor in 384.11 ms, found 12 plugins.
Preloading 0 native plugins for Editor in 0.00 ms.
Mono: successfully reloaded assembly
- Completed reload, in  1.044 seconds
Domain Reload Profiling:
	ReloadAssembly (1044ms)
		BeginReloadAssembly (92ms)
			ExecutionOrderSort (0ms)
			DisableScriptedObjects (0ms)
			BackupInstance (0ms)
			ReleaseScriptingObjects (0ms)
			CreateAndSetChildDomain (2ms)
		EndReloadAssembly (878ms)
			LoadAssemblies (87ms)
			RebuildTransferFunctionScriptingTraits (1ms)
			SetupTypeCache (186ms)
			ReleaseScriptCaches (0ms)
			RebuildScriptCaches (29ms)
			SetupLoadedEditorAssemblies (549ms)
				LogAssemblyErrors (0ms)
				InitializePlatformSupportModulesInManaged (8ms)
				SetLoadedEditorAssemblies (0ms)
				RefreshPlugins (384ms)
				BeforeProcessingInitializeOnLoad (18ms)
				ProcessInitializeOnLoadAttributes (84ms)
				ProcessInitializeOnLoadMethodAttributes (56ms)
				AfterProcessingInitializeOnLoad (0ms)
				EditorAssembliesLoaded (0ms)
			ExecutionOrderSort2 (0ms)
			AwakeInstancesAfterBackupRestoration (0ms)
Platform modules already initialized, skipping
Registering precompiled user dll's ...
Registered in 0.005486 seconds.
Begin MonoManager ReloadAssembly
Native extension for WindowsStandalone target not found
Refreshing native plugins compatible for Editor in 66.69 ms, found 12 plugins.
Preloading 0 native plugins for Editor in 0.00 ms.
Mono: successfully reloaded assembly
- Completed reload, in 14.826 seconds
Domain Reload Profiling:
	ReloadAssembly (14831ms)
		BeginReloadAssembly (141ms)
			ExecutionOrderSort (0ms)
			DisableScriptedObjects (5ms)
			BackupInstance (0ms)
			ReleaseScriptingObjects (0ms)
			CreateAndSetChildDomain (20ms)
		EndReloadAssembly (14587ms)
			LoadAssemblies (7591ms)
			RebuildTransferFunctionScriptingTraits (0ms)
			SetupTypeCache (334ms)
			ReleaseScriptCaches (1ms)
			RebuildScriptCaches (63ms)
			SetupLoadedEditorAssemblies (6495ms)
				LogAssemblyErrors (0ms)
				InitializePlatformSupportModulesInManaged (3ms)
				SetLoadedEditorAssemblies (0ms)
				RefreshPlugins (67ms)
				BeforeProcessingInitializeOnLoad (105ms)
				ProcessInitializeOnLoadAttributes (6144ms)
				ProcessInitializeOnLoadMethodAttributes (170ms)
				AfterProcessingInitializeOnLoad (6ms)
				EditorAssembliesLoaded (0ms)
			ExecutionOrderSort2 (0ms)
			AwakeInstancesAfterBackupRestoration (1ms)
Platform modules already initialized, skipping
========================================================================
Worker process is ready to serve import requests
Launched and connected shader compiler UnityShaderCompiler.exe after 0.15 seconds
Refreshing native plugins compatible for Editor in 1.51 ms, found 12 plugins.
Preloading 0 native plugins for Editor in 0.00 ms.
Unloading 3799 Unused Serialized files (Serialized files now loaded: 0)
System memory in use before: 147.7 MB.
System memory in use after: 147.9 MB.

Unloading 49 unused Assets to reduce memory usage. Loaded Objects now: 4257.
Total: 7.742600 ms (FindLiveObjects: 0.390300 ms CreateObjectMapping: 0.269300 ms MarkObjects: 6.968800 ms  DeleteObjects: 0.112700 ms)

AssetImportParameters requested are different than current active one (requested -> active):
  custom:framework-win-MediaFoundation: 216162199b28c13a410421893ffa2e32 -> 
  custom:video-decoder-ogg-theora: a1e56fd34408186e4bbccfd4996cb3dc -> 
  custom:container-muxer-webm: aa71ff27fc2769a1b78a27578f13a17b -> 
  custom:container-demuxer-webm: 4f35f7cbe854078d1ac9338744f61a02 -> 
  custom:container-demuxer-ogg: 62fdf1f143b41e24485cea50d1cbac27 -> 
  custom:video-encoder-webm-vp8: eb34c28f22e8b96e1ab97ce403110664 -> 
  custom:video-decoder-webm-vp8: 9c59270c3fd7afecdb556c50c9e8de78 -> 
  custom:audio-decoder-ogg-vorbis: bf7c407c2cedff20999df2af8eb42d56 -> 
  custom:audio-encoder-webm-vorbis: bf7c407c2cedff20999df2af8eb42d56 -> 
========================================================================
Received Import Request.
  path: Assets/Dvigatel.fbx
  artifactKey: Guid(3bae0bb048bcc504eb9126a2bc49f57e) Importer(815301076,1909f56bfc062723c751e8b465ee728b)
Start importing Assets/Dvigatel.fbx using Guid(3bae0bb048bcc504eb9126a2bc49f57e) Importer(815301076,1909f56bfc062723c751e8b465ee728b)  -> (artifact id: 'e3c73451783d73a52fa9801c5d5fa465') in 0.207120 seconds 
========================================================================
Received Import Request.
  Time since last request: 523.010544 seconds.
  path: Assets/Dvigatel2.fbx
  artifactKey: Guid(4ad25786e7afeff45a6ce4718131174f) Importer(815301076,1909f56bfc062723c751e8b465ee728b)
Start importing Assets/Dvigatel2.fbx using Guid(4ad25786e7afeff45a6ce4718131174f) Importer(815301076,1909f56bfc062723c751e8b465ee728b)  -> (artifact id: '043320262d85849394c01a7481bd39f9') in 0.023387 seconds 
========================================================================
Received Prepare
Registering precompiled user dll's ...
Registered in 0.015749 seconds.
Begin MonoManager ReloadAssembly
Native extension for WindowsStandalone target not found
Refreshing native plugins compatible for Editor in 1.02 ms, found 12 plugins.
Preloading 0 native plugins for Editor in 0.00 ms.
Mono: successfully reloaded assembly
- Completed reload, in  1.815 seconds
Domain Reload Profiling:
	ReloadAssembly (1815ms)
		BeginReloadAssembly (136ms)
			ExecutionOrderSort (0ms)
			DisableScriptedObjects (4ms)
			BackupInstance (0ms)
			ReleaseScriptingObjects (0ms)
			CreateAndSetChildDomain (37ms)
		EndReloadAssembly (1625ms)
			LoadAssemblies (116ms)
			RebuildTransferFunctionScriptingTraits (0ms)
			SetupTypeCache (293ms)
			ReleaseScriptCaches (1ms)
			RebuildScriptCaches (41ms)
			SetupLoadedEditorAssemblies (713ms)
				LogAssemblyErrors (0ms)
				InitializePlatformSupportModulesInManaged (3ms)
				SetLoadedEditorAssemblies (0ms)
				RefreshPlugins (1ms)
				BeforeProcessingInitializeOnLoad (90ms)
				ProcessInitializeOnLoadAttributes (583ms)
				ProcessInitializeOnLoadMethodAttributes (31ms)
				AfterProcessingInitializeOnLoad (5ms)
				EditorAssembliesLoaded (0ms)
			ExecutionOrderSort2 (0ms)
			AwakeInstancesAfterBackupRestoration (3ms)
Platform modules already initialized, skipping
Switching build target platform(19) subTarget(0) extendedPlatform(0) -> platform(21) subTarget(3) extendedPlatform(0)
Refreshing native plugins compatible for Editor in 1.39 ms, found 12 plugins.
Preloading 0 native plugins for Editor in 0.00 ms.
Unloading 3751 Unused Serialized files (Serialized files now loaded: 0)
System memory in use before: 147.7 MB.
System memory in use after: 147.9 MB.

Unloading 43 unused Assets to reduce memory usage. Loaded Objects now: 4272.
Total: 3.803600 ms (FindLiveObjects: 0.315300 ms CreateObjectMapping: 0.208400 ms MarkObjects: 3.161800 ms  DeleteObjects: 0.116700 ms)

AssetImportParameters requested are different than current active one (requested -> active):
  custom:framework-win-MediaFoundation: 216162199b28c13a410421893ffa2e32 -> 
  custom:video-decoder-ogg-theora: a1e56fd34408186e4bbccfd4996cb3dc -> 
  custom:container-muxer-webm: aa71ff27fc2769a1b78a27578f13a17b -> 
  custom:container-demuxer-webm: 4f35f7cbe854078d1ac9338744f61a02 -> 
  custom:container-demuxer-ogg: 62fdf1f143b41e24485cea50d1cbac27 -> 
  custom:video-encoder-webm-vp8: eb34c28f22e8b96e1ab97ce403110664 -> 
  custom:video-decoder-webm-vp8: 9c59270c3fd7afecdb556c50c9e8de78 -> 
  custom:audio-decoder-ogg-vorbis: bf7c407c2cedff20999df2af8eb42d56 -> 
  custom:audio-encoder-webm-vorbis: bf7c407c2cedff20999df2af8eb42d56 -> 
========================================================================
Received Import Request.
  Time since last request: 367.380470 seconds.
  path: Assets/Btn/Materials/Start.mat
  artifactKey: Guid(48812ddd77c881245b7fd77af9f54ccd) Importer(815301076,1909f56bfc062723c751e8b465ee728b)
Start importing Assets/Btn/Materials/Start.mat using Guid(48812ddd77c881245b7fd77af9f54ccd) Importer(815301076,1909f56bfc062723c751e8b465ee728b)  -> (artifact id: '4ace1722390442a31d9f72a6ea86fbcb') in 0.252470 seconds 
========================================================================
Received Import Request.
  Time since last request: 5.030504 seconds.
  path: Assets/Materials/aboba.mat
  artifactKey: Guid(b8e07e29548f0ac4f8c232df517a8a90) Importer(815301076,1909f56bfc062723c751e8b465ee728b)
Start importing Assets/Materials/aboba.mat using Guid(b8e07e29548f0ac4f8c232df517a8a90) Importer(815301076,1909f56bfc062723c751e8b465ee728b)  -> (artifact id: '13f0b9a82a63da30cf726d08437fb1b5') in 0.250592 seconds 
========================================================================
Received Import Request.
  Time since last request: 0.000236 seconds.
  path: Assets/Materials/Skaf.mat
  artifactKey: Guid(095d16a08796aaa49914f776c9f59704) Importer(815301076,1909f56bfc062723c751e8b465ee728b)
Start importing Assets/Materials/Skaf.mat using Guid(095d16a08796aaa49914f776c9f59704) Importer(815301076,1909f56bfc062723c751e8b465ee728b)  -> (artifact id: 'c3dd4df8afa8aa027f15a09920d466a2') in 0.108233 seconds 
========================================================================
Received Import Request.
  Time since last request: 0.000332 seconds.
  path: Assets/Materials/ResinaUp.mat
  artifactKey: Guid(f7707c6d8c499b74c9e19adff026b6ea) Importer(815301076,1909f56bfc062723c751e8b465ee728b)
Start importing Assets/Materials/ResinaUp.mat using Guid(f7707c6d8c499b74c9e19adff026b6ea) Importer(815301076,1909f56bfc062723c751e8b465ee728b)  -> (artifact id: 'b59078c193ac6a52b55a29e5e3e06a5f') in 0.072819 seconds 
========================================================================
Received Import Request.
  Time since last request: 0.000230 seconds.
  path: Assets/Materials/GreeFon.mat
  artifactKey: Guid(7d84960acaa42874ead75dbeb9583143) Importer(815301076,1909f56bfc062723c751e8b465ee728b)
Start importing Assets/Materials/GreeFon.mat using Guid(7d84960acaa42874ead75dbeb9583143) Importer(815301076,1909f56bfc062723c751e8b465ee728b)  -> (artifact id: 'c5d06f5df6d1a58662809aef72416601') in 0.138588 seconds 
========================================================================
Received Import Request.
  Time since last request: 0.000263 seconds.
  path: Assets/Materials/Verh 1.mat
  artifactKey: Guid(14bec832538de0c4fa6d9e8980df3867) Importer(815301076,1909f56bfc062723c751e8b465ee728b)
Start importing Assets/Materials/Verh 1.mat using Guid(14bec832538de0c4fa6d9e8980df3867) Importer(815301076,1909f56bfc062723c751e8b465ee728b)  -> (artifact id: '478fa57eb957d51dddd5495dea60d61e') in 0.026217 seconds 
========================================================================
Received Import Request.
  Time since last request: 0.000311 seconds.
  path: Assets/Materials/Conv1Bot.mat
  artifactKey: Guid(2a881c2cb48e2fe42af7ec6e3d5e3458) Importer(815301076,1909f56bfc062723c751e8b465ee728b)
Start importing Assets/Materials/Conv1Bot.mat using Guid(2a881c2cb48e2fe42af7ec6e3d5e3458) Importer(815301076,1909f56bfc062723c751e8b465ee728b)  -> (artifact id: '3843a0a4c3640b5d4c8eec76a55e4091') in 0.030946 seconds 
========================================================================
Received Import Request.
  Time since last request: 0.000240 seconds.
  path: Assets/Materials/Glass.mat
  artifactKey: Guid(e27ae655f3114694183bc1d6ddc395da) Importer(815301076,1909f56bfc062723c751e8b465ee728b)
Start importing Assets/Materials/Glass.mat using Guid(e27ae655f3114694183bc1d6ddc395da) Importer(815301076,1909f56bfc062723c751e8b465ee728b)  -> (artifact id: 'e62270d15b9b82356161bc235a9636a3') in 0.045853 seconds 
========================================================================
Received Import Request.
  Time since last request: 0.000283 seconds.
  path: Assets/Materials/Jopa 7.mat
  artifactKey: Guid(013e8dfff66eb72498b573a3589022d1) Importer(815301076,1909f56bfc062723c751e8b465ee728b)
Start importing Assets/Materials/Jopa 7.mat using Guid(013e8dfff66eb72498b573a3589022d1) Importer(815301076,1909f56bfc062723c751e8b465ee728b)  -> (artifact id: 'bcd033af0602f5cf5df388f459e4338d') in 0.029711 seconds 
========================================================================
Received Import Request.
  Time since last request: 0.000202 seconds.
  path: Assets/Materials/ShafFront.mat
  artifactKey: Guid(9622d46f0f12b5b44861793eebb6e3bb) Importer(815301076,1909f56bfc062723c751e8b465ee728b)
Start importing Assets/Materials/ShafFront.mat using Guid(9622d46f0f12b5b44861793eebb6e3bb) Importer(815301076,1909f56bfc062723c751e8b465ee728b)  -> (artifact id: '22b1c615effe9c2cc44fc62a3072c29d') in 0.319058 seconds 
========================================================================
Received Import Request.
  Time since last request: 0.000336 seconds.
  path: Assets/Materials/Jopa 4.mat
  artifactKey: Guid(d32de1321a266b74a8954669483b1adc) Importer(815301076,1909f56bfc062723c751e8b465ee728b)
Start importing Assets/Materials/Jopa 4.mat using Guid(d32de1321a266b74a8954669483b1adc) Importer(815301076,1909f56bfc062723c751e8b465ee728b)  -> (artifact id: '00549bf34ff5345ee7816892509942cf') in 0.089076 seconds 
========================================================================
Received Import Request.
  Time since last request: 0.000217 seconds.
  path: Assets/Materials/RedLampMatirial 1.mat
  artifactKey: Guid(1104596d28017cf4fad32ea542d55150) Importer(815301076,1909f56bfc062723c751e8b465ee728b)
Start importing Assets/Materials/RedLampMatirial 1.mat using Guid(1104596d28017cf4fad32ea542d55150) Importer(815301076,1909f56bfc062723c751e8b465ee728b)  -> (artifact id: '7ec371c93580fcdbf7a35190b5b41740') in 0.057192 seconds 
========================================================================
Received Import Request.
  Time since last request: 0.000250 seconds.
  path: Assets/Materials/ShkafBoka.mat
  artifactKey: Guid(ccd0a09a58888bf41a6d57c93651d1f1) Importer(815301076,1909f56bfc062723c751e8b465ee728b)
Start importing Assets/Materials/ShkafBoka.mat using Guid(ccd0a09a58888bf41a6d57c93651d1f1) Importer(815301076,1909f56bfc062723c751e8b465ee728b)  -> (artifact id: '9c9eae161d635a2b1934a1932ef2fee3') in 0.061592 seconds 
========================================================================
Received Import Request.
  Time since last request: 0.000210 seconds.
  path: Assets/Materials/Jopa 3.mat
  artifactKey: Guid(4d5d2f445cc86ba4380ad7b17307e107) Importer(815301076,1909f56bfc062723c751e8b465ee728b)
Start importing Assets/Materials/Jopa 3.mat using Guid(4d5d2f445cc86ba4380ad7b17307e107) Importer(815301076,1909f56bfc062723c751e8b465ee728b)  -> (artifact id: '5b7662f68ef64384810e299c91b8211f') in 0.024510 seconds 
========================================================================
Received Import Request.
  Time since last request: 0.000244 seconds.
  path: Assets/Materials/Jopa 5.mat
  artifactKey: Guid(262387c9fcb8e40478977e1de6ee02a5) Importer(815301076,1909f56bfc062723c751e8b465ee728b)
Start importing Assets/Materials/Jopa 5.mat using Guid(262387c9fcb8e40478977e1de6ee02a5) Importer(815301076,1909f56bfc062723c751e8b465ee728b)  -> (artifact id: '8d54048f07c5a6e2b5882a36bd71aa08') in 0.024267 seconds 
========================================================================
Received Import Request.
  Time since last request: 0.000312 seconds.
  path: Assets/Materials/Jopa.mat
  artifactKey: Guid(c26ced630852c3b47af143d1257ce852) Importer(815301076,1909f56bfc062723c751e8b465ee728b)
Start importing Assets/Materials/Jopa.mat using Guid(c26ced630852c3b47af143d1257ce852) Importer(815301076,1909f56bfc062723c751e8b465ee728b)  -> (artifact id: 'c2f17182a21ad0b553f7b910f732f72b') in 0.019298 seconds 
========================================================================
Received Import Request.
  Time since last request: 0.000392 seconds.
  path: Assets/Materials/QR.mat
  artifactKey: Guid(5da1808ee2514b640b7ebd33f45c6e1b) Importer(815301076,1909f56bfc062723c751e8b465ee728b)
Start importing Assets/Materials/QR.mat using Guid(5da1808ee2514b640b7ebd33f45c6e1b) Importer(815301076,1909f56bfc062723c751e8b465ee728b)  -> (artifact id: 'f661607f8b2c65985f38c5371b47fbdd') in 0.070128 seconds 
========================================================================
Received Import Request.
  Time since last request: 0.000321 seconds.
  path: Assets/Materials/RedLampMatirial.mat
  artifactKey: Guid(19133b4c2f89c92488997cf27a3bc038) Importer(815301076,1909f56bfc062723c751e8b465ee728b)
Start importing Assets/Materials/RedLampMatirial.mat using Guid(19133b4c2f89c92488997cf27a3bc038) Importer(815301076,1909f56bfc062723c751e8b465ee728b)  -> (artifact id: '91cf4f7f71752dd1f7a6170aa081ab18') in 0.043608 seconds 
========================================================================
Received Import Request.
  Time since last request: 0.000239 seconds.
  path: Assets/Materials/Verh.mat
  artifactKey: Guid(63a48abf5ce038044aad91c6520fdee5) Importer(815301076,1909f56bfc062723c751e8b465ee728b)
Start importing Assets/Materials/Verh.mat using Guid(63a48abf5ce038044aad91c6520fdee5) Importer(815301076,1909f56bfc062723c751e8b465ee728b)  -> (artifact id: '473a47a98bc27547ab2e19dc28f1940c') in 0.062503 seconds 
========================================================================
Received Import Request.
  Time since last request: 0.000301 seconds.
  path: Assets/Materials/Conv1Up.mat
  artifactKey: Guid(057f961d9e8d8ca4fb7828160502558d) Importer(815301076,1909f56bfc062723c751e8b465ee728b)
Start importing Assets/Materials/Conv1Up.mat using Guid(057f961d9e8d8ca4fb7828160502558d) Importer(815301076,1909f56bfc062723c751e8b465ee728b)  -> (artifact id: '7df411bde23da72ecf78914740cf979b') in 0.041631 seconds 
========================================================================
Received Import Request.
  Time since last request: 0.000280 seconds.
  path: Assets/Materials/SkafDva.mat
  artifactKey: Guid(58a5a76c122224846a5c472f320897eb) Importer(815301076,1909f56bfc062723c751e8b465ee728b)
Start importing Assets/Materials/SkafDva.mat using Guid(58a5a76c122224846a5c472f320897eb) Importer(815301076,1909f56bfc062723c751e8b465ee728b)  -> (artifact id: 'f37e24a828303a8354797e6b361907ab') in 0.089243 seconds 
========================================================================
Received Import Request.
  Time since last request: 0.000377 seconds.
  path: Assets/Materials/SkafText.mat
  artifactKey: Guid(f3991cb772e89e940ba48e36d75f3289) Importer(815301076,1909f56bfc062723c751e8b465ee728b)
Start importing Assets/Materials/SkafText.mat using Guid(f3991cb772e89e940ba48e36d75f3289) Importer(815301076,1909f56bfc062723c751e8b465ee728b)  -> (artifact id: 'df0f74f97acb4a4875b82bab39f89458') in 0.035091 seconds 
========================================================================
Received Import Request.
  Time since last request: 0.000331 seconds.
  path: Assets/Materials/Jopa 6.mat
  artifactKey: Guid(90dc7ad857993bb418e49c3f71675422) Importer(815301076,1909f56bfc062723c751e8b465ee728b)
Start importing Assets/Materials/Jopa 6.mat using Guid(90dc7ad857993bb418e49c3f71675422) Importer(815301076,1909f56bfc062723c751e8b465ee728b)  -> (artifact id: 'e3805dcf16c376b6686278df033ae06a') in 0.022704 seconds 
========================================================================
Received Import Request.
  Time since last request: 0.000242 seconds.
  path: Assets/Materials/ResinaBot.mat
  artifactKey: Guid(4288080285410914d957e61a7688ecc8) Importer(815301076,1909f56bfc062723c751e8b465ee728b)
Start importing Assets/Materials/ResinaBot.mat using Guid(4288080285410914d957e61a7688ecc8) Importer(815301076,1909f56bfc062723c751e8b465ee728b)  -> (artifact id: 'b3a828c99b7996e259489fc2b4603c14') in 0.018792 seconds 
========================================================================
Received Import Request.
  Time since last request: 0.000307 seconds.
  path: Assets/Materials/Jopa 2.mat
  artifactKey: Guid(6cf1f29771d92314386aabbc5de68737) Importer(815301076,1909f56bfc062723c751e8b465ee728b)
Start importing Assets/Materials/Jopa 2.mat using Guid(6cf1f29771d92314386aabbc5de68737) Importer(815301076,1909f56bfc062723c751e8b465ee728b)  -> (artifact id: '8a0a9d140a96ff5290dcef7e8dad04f6') in 0.026238 seconds 
========================================================================
Received Import Request.
  Time since last request: 0.872483 seconds.
  path: Assets/Materials/VrivText.mat
  artifactKey: Guid(99ae22603ea3a754b8047fdf20f078ed) Importer(815301076,1909f56bfc062723c751e8b465ee728b)
Start importing Assets/Materials/VrivText.mat using Guid(99ae22603ea3a754b8047fdf20f078ed) Importer(815301076,1909f56bfc062723c751e8b465ee728b)  -> (artifact id: '5e08d7ca9914832b395b934ae9d62d6f') in 0.121043 seconds 
========================================================================
Received Import Request.
  Time since last request: 0.000406 seconds.
  path: Assets/Materials/WhileGlass.mat
  artifactKey: Guid(38ffd62aedb88304daae0f8a31c9de9a) Importer(815301076,1909f56bfc062723c751e8b465ee728b)
Start importing Assets/Materials/WhileGlass.mat using Guid(38ffd62aedb88304daae0f8a31c9de9a) Importer(815301076,1909f56bfc062723c751e8b465ee728b)  -> (artifact id: '3c5d0738f4cdc5e3b479201bab14a9db') in 0.110721 seconds 
========================================================================
Received Prepare
Registering precompiled user dll's ...
Registered in 0.004659 seconds.
Begin MonoManager ReloadAssembly
Native extension for WindowsStandalone target not found
Refreshing native plugins compatible for Editor in 1.20 ms, found 12 plugins.
Preloading 0 native plugins for Editor in 0.00 ms.
Mono: successfully reloaded assembly
- Completed reload, in  1.872 seconds
Domain Reload Profiling:
	ReloadAssembly (1873ms)
		BeginReloadAssembly (138ms)
			ExecutionOrderSort (0ms)
			DisableScriptedObjects (4ms)
			BackupInstance (0ms)
			ReleaseScriptingObjects (0ms)
			CreateAndSetChildDomain (41ms)
		EndReloadAssembly (1677ms)
			LoadAssemblies (150ms)
			RebuildTransferFunctionScriptingTraits (0ms)
			SetupTypeCache (296ms)
			ReleaseScriptCaches (1ms)
			RebuildScriptCaches (45ms)
			SetupLoadedEditorAssemblies (800ms)
				LogAssemblyErrors (0ms)
				InitializePlatformSupportModulesInManaged (4ms)
				SetLoadedEditorAssemblies (0ms)
				RefreshPlugins (1ms)
				BeforeProcessingInitializeOnLoad (135ms)
				ProcessInitializeOnLoadAttributes (623ms)
				ProcessInitializeOnLoadMethodAttributes (31ms)
				AfterProcessingInitializeOnLoad (6ms)
				EditorAssembliesLoaded (0ms)
			ExecutionOrderSort2 (0ms)
			AwakeInstancesAfterBackupRestoration (4ms)
Platform modules already initialized, skipping
Switching build target platform(19) subTarget(0) extendedPlatform(0) -> platform(21) subTarget(3) extendedPlatform(0)
Refreshing native plugins compatible for Editor in 1.89 ms, found 12 plugins.
Preloading 0 native plugins for Editor in 0.00 ms.
Unloading 3751 Unused Serialized files (Serialized files now loaded: 0)
System memory in use before: 147.9 MB.
System memory in use after: 148.1 MB.

Unloading 42 unused Assets to reduce memory usage. Loaded Objects now: 4310.
Total: 4.224200 ms (FindLiveObjects: 0.334600 ms CreateObjectMapping: 0.212600 ms MarkObjects: 3.558800 ms  DeleteObjects: 0.117400 ms)

AssetImportParameters requested are different than current active one (requested -> active):
  custom:framework-win-MediaFoundation: 216162199b28c13a410421893ffa2e32 -> 
  custom:video-decoder-ogg-theora: a1e56fd34408186e4bbccfd4996cb3dc -> 
  custom:container-muxer-webm: aa71ff27fc2769a1b78a27578f13a17b -> 
  custom:container-demuxer-webm: 4f35f7cbe854078d1ac9338744f61a02 -> 
  custom:container-demuxer-ogg: 62fdf1f143b41e24485cea50d1cbac27 -> 
  custom:video-encoder-webm-vp8: eb34c28f22e8b96e1ab97ce403110664 -> 
  custom:video-decoder-webm-vp8: 9c59270c3fd7afecdb556c50c9e8de78 -> 
  custom:audio-decoder-ogg-vorbis: bf7c407c2cedff20999df2af8eb42d56 -> 
  custom:audio-encoder-webm-vorbis: bf7c407c2cedff20999df2af8eb42d56 -> 
========================================================================
Received Prepare
Registering precompiled user dll's ...
Registered in 0.005188 seconds.
Begin MonoManager ReloadAssembly
Native extension for WindowsStandalone target not found
Refreshing native plugins compatible for Editor in 1.58 ms, found 12 plugins.
Preloading 0 native plugins for Editor in 0.00 ms.
Mono: successfully reloaded assembly
- Completed reload, in  1.807 seconds
Domain Reload Profiling:
	ReloadAssembly (1808ms)
		BeginReloadAssembly (149ms)
			ExecutionOrderSort (0ms)
			DisableScriptedObjects (6ms)
			BackupInstance (0ms)
			ReleaseScriptingObjects (0ms)
			CreateAndSetChildDomain (49ms)
		EndReloadAssembly (1578ms)
			LoadAssemblies (137ms)
			RebuildTransferFunctionScriptingTraits (0ms)
			SetupTypeCache (422ms)
			ReleaseScriptCaches (2ms)
			RebuildScriptCaches (54ms)
			SetupLoadedEditorAssemblies (810ms)
				LogAssemblyErrors (0ms)
				InitializePlatformSupportModulesInManaged (4ms)
				SetLoadedEditorAssemblies (0ms)
				RefreshPlugins (2ms)
				BeforeProcessingInitializeOnLoad (123ms)
				ProcessInitializeOnLoadAttributes (643ms)
				ProcessInitializeOnLoadMethodAttributes (33ms)
				AfterProcessingInitializeOnLoad (5ms)
				EditorAssembliesLoaded (0ms)
			ExecutionOrderSort2 (0ms)
			AwakeInstancesAfterBackupRestoration (4ms)
Platform modules already initialized, skipping
Switching build target platform(19) subTarget(0) extendedPlatform(0) -> platform(21) subTarget(3) extendedPlatform(0)
Refreshing native plugins compatible for Editor in 1.11 ms, found 12 plugins.
Preloading 0 native plugins for Editor in 0.00 ms.
Unloading 3751 Unused Serialized files (Serialized files now loaded: 0)
System memory in use before: 147.9 MB.
System memory in use after: 148.2 MB.

Unloading 42 unused Assets to reduce memory usage. Loaded Objects now: 4314.
Total: 5.909500 ms (FindLiveObjects: 0.514700 ms CreateObjectMapping: 0.328500 ms MarkObjects: 4.954600 ms  DeleteObjects: 0.109500 ms)

AssetImportParameters requested are different than current active one (requested -> active):
  custom:framework-win-MediaFoundation: 216162199b28c13a410421893ffa2e32 -> 
  custom:video-decoder-ogg-theora: a1e56fd34408186e4bbccfd4996cb3dc -> 
  custom:container-muxer-webm: aa71ff27fc2769a1b78a27578f13a17b -> 
  custom:container-demuxer-webm: 4f35f7cbe854078d1ac9338744f61a02 -> 
  custom:container-demuxer-ogg: 62fdf1f143b41e24485cea50d1cbac27 -> 
  custom:video-encoder-webm-vp8: eb34c28f22e8b96e1ab97ce403110664 -> 
  custom:video-decoder-webm-vp8: 9c59270c3fd7afecdb556c50c9e8de78 -> 
  custom:audio-decoder-ogg-vorbis: bf7c407c2cedff20999df2af8eb42d56 -> 
  custom:audio-encoder-webm-vorbis: bf7c407c2cedff20999df2af8eb42d56 -> 
========================================================================
Received Prepare
Registering precompiled user dll's ...
Registered in 0.004624 seconds.
Begin MonoManager ReloadAssembly
Native extension for WindowsStandalone target not found
Refreshing native plugins compatible for Editor in 1.05 ms, found 12 plugins.
Preloading 0 native plugins for Editor in 0.00 ms.
Mono: successfully reloaded assembly
- Completed reload, in  1.728 seconds
Domain Reload Profiling:
	ReloadAssembly (1729ms)
		BeginReloadAssembly (133ms)
			ExecutionOrderSort (0ms)
			DisableScriptedObjects (8ms)
			BackupInstance (0ms)
			ReleaseScriptingObjects (0ms)
			CreateAndSetChildDomain (54ms)
		EndReloadAssembly (1542ms)
			LoadAssemblies (123ms)
			RebuildTransferFunctionScriptingTraits (0ms)
			SetupTypeCache (310ms)
			ReleaseScriptCaches (1ms)
			RebuildScriptCaches (42ms)
			SetupLoadedEditorAssemblies (733ms)
				LogAssemblyErrors (0ms)
				InitializePlatformSupportModulesInManaged (3ms)
				SetLoadedEditorAssemblies (0ms)
				RefreshPlugins (1ms)
				BeforeProcessingInitializeOnLoad (101ms)
				ProcessInitializeOnLoadAttributes (590ms)
				ProcessInitializeOnLoadMethodAttributes (31ms)
				AfterProcessingInitializeOnLoad (6ms)
				EditorAssembliesLoaded (0ms)
			ExecutionOrderSort2 (0ms)
			AwakeInstancesAfterBackupRestoration (4ms)
Platform modules already initialized, skipping
Switching build target platform(19) subTarget(0) extendedPlatform(0) -> platform(21) subTarget(3) extendedPlatform(0)
Refreshing native plugins compatible for Editor in 1.71 ms, found 12 plugins.
Preloading 0 native plugins for Editor in 0.00 ms.
Unloading 3751 Unused Serialized files (Serialized files now loaded: 0)
System memory in use before: 148.0 MB.
System memory in use after: 148.2 MB.

Unloading 42 unused Assets to reduce memory usage. Loaded Objects now: 4318.
Total: 4.357700 ms (FindLiveObjects: 0.351200 ms CreateObjectMapping: 0.254300 ms MarkObjects: 3.649200 ms  DeleteObjects: 0.101800 ms)

AssetImportParameters requested are different than current active one (requested -> active):
  custom:framework-win-MediaFoundation: 216162199b28c13a410421893ffa2e32 -> 
  custom:video-decoder-ogg-theora: a1e56fd34408186e4bbccfd4996cb3dc -> 
  custom:container-muxer-webm: aa71ff27fc2769a1b78a27578f13a17b -> 
  custom:container-demuxer-webm: 4f35f7cbe854078d1ac9338744f61a02 -> 
  custom:container-demuxer-ogg: 62fdf1f143b41e24485cea50d1cbac27 -> 
  custom:video-encoder-webm-vp8: eb34c28f22e8b96e1ab97ce403110664 -> 
  custom:video-decoder-webm-vp8: 9c59270c3fd7afecdb556c50c9e8de78 -> 
  custom:audio-decoder-ogg-vorbis: bf7c407c2cedff20999df2af8eb42d56 -> 
  custom:audio-encoder-webm-vorbis: bf7c407c2cedff20999df2af8eb42d56 -> 
========================================================================
Received Prepare
Registering precompiled user dll's ...
Registered in 0.004673 seconds.
Begin MonoManager ReloadAssembly
Native extension for WindowsStandalone target not found
Refreshing native plugins compatible for Editor in 1.62 ms, found 12 plugins.
Preloading 0 native plugins for Editor in 0.00 ms.
Mono: successfully reloaded assembly
- Completed reload, in  1.822 seconds
Domain Reload Profiling:
	ReloadAssembly (1823ms)
		BeginReloadAssembly (182ms)
			ExecutionOrderSort (0ms)
			DisableScriptedObjects (4ms)
			BackupInstance (0ms)
			ReleaseScriptingObjects (0ms)
			CreateAndSetChildDomain (38ms)
		EndReloadAssembly (1574ms)
			LoadAssemblies (192ms)
			RebuildTransferFunctionScriptingTraits (0ms)
			SetupTypeCache (381ms)
			ReleaseScriptCaches (1ms)
			RebuildScriptCaches (48ms)
			SetupLoadedEditorAssemblies (851ms)
				LogAssemblyErrors (0ms)
				InitializePlatformSupportModulesInManaged (3ms)
				SetLoadedEditorAssemblies (0ms)
				RefreshPlugins (2ms)
				BeforeProcessingInitializeOnLoad (115ms)
				ProcessInitializeOnLoadAttributes (683ms)
				ProcessInitializeOnLoadMethodAttributes (42ms)
				AfterProcessingInitializeOnLoad (6ms)
				EditorAssembliesLoaded (0ms)
			ExecutionOrderSort2 (0ms)
			AwakeInstancesAfterBackupRestoration (5ms)
Platform modules already initialized, skipping
Switching build target platform(19) subTarget(0) extendedPlatform(0) -> platform(21) subTarget(3) extendedPlatform(0)
Refreshing native plugins compatible for Editor in 2.60 ms, found 12 plugins.
Preloading 0 native plugins for Editor in 0.00 ms.
Unloading 3751 Unused Serialized files (Serialized files now loaded: 0)
System memory in use before: 148.0 MB.
System memory in use after: 148.2 MB.

Unloading 42 unused Assets to reduce memory usage. Loaded Objects now: 4322.
Total: 8.321700 ms (FindLiveObjects: 0.669100 ms CreateObjectMapping: 0.520300 ms MarkObjects: 7.010900 ms  DeleteObjects: 0.120000 ms)

AssetImportParameters requested are different than current active one (requested -> active):
  custom:framework-win-MediaFoundation: 216162199b28c13a410421893ffa2e32 -> 
  custom:video-decoder-ogg-theora: a1e56fd34408186e4bbccfd4996cb3dc -> 
  custom:container-muxer-webm: aa71ff27fc2769a1b78a27578f13a17b -> 
  custom:container-demuxer-webm: 4f35f7cbe854078d1ac9338744f61a02 -> 
  custom:container-demuxer-ogg: 62fdf1f143b41e24485cea50d1cbac27 -> 
  custom:video-encoder-webm-vp8: eb34c28f22e8b96e1ab97ce403110664 -> 
  custom:video-decoder-webm-vp8: 9c59270c3fd7afecdb556c50c9e8de78 -> 
  custom:audio-decoder-ogg-vorbis: bf7c407c2cedff20999df2af8eb42d56 -> 
  custom:audio-encoder-webm-vorbis: bf7c407c2cedff20999df2af8eb42d56 -> 
